0 info it worked if it ends with ok
1 verbose cli [ '/Users/noor/.nvm/versions/node/v4.2.6/bin/node',
1 verbose cli   '/Users/noor/.nvm/versions/node/v4.2.6/bin/npm',
1 verbose cli   'run',
1 verbose cli   'dev' ]
2 info using npm@2.14.12
3 info using node@v4.2.6
4 verbose run-script [ 'predev', 'dev', 'postdev' ]
5 info predev Puppypal@1.0.0
6 info dev Puppypal@1.0.0
7 verbose unsafe-perm in lifecycle true
8 info Puppypal@1.0.0 Failed to exec dev script
9 verbose stack Error: Puppypal@1.0.0 dev: `nodemon api/server.js`
9 verbose stack Exit status 1
9 verbose stack     at EventEmitter.<anonymous> (/Users/noor/.nvm/versions/node/v4.2.6/lib/node_modules/npm/lib/utils/lifecycle.js:214:16)
9 verbose stack     at emitTwo (events.js:87:13)
9 verbose stack     at EventEmitter.emit (events.js:172:7)
9 verbose stack     at ChildProcess.<anonymous> (/Users/noor/.nvm/versions/node/v4.2.6/lib/node_modules/npm/lib/utils/spawn.js:24:14)
9 verbose stack     at emitTwo (events.js:87:13)
9 verbose stack     at ChildProcess.emit (events.js:172:7)
9 verbose stack     at maybeClose (internal/child_process.js:821:16)
9 verbose stack     at Process.ChildProcess._handle.onexit (internal/child_process.js:211:5)
10 verbose pkgid Puppypal@1.0.0
11 verbose cwd /Users/noor/Desktop/PUPPYLAND/backend
12 error Darwin 22.3.0
13 error argv "/Users/noor/.nvm/versions/node/v4.2.6/bin/node" "/Users/noor/.nvm/versions/node/v4.2.6/bin/npm" "run" "dev"
14 error node v4.2.6
15 error npm  v2.14.12
16 error code ELIFECYCLE
17 error Puppypal@1.0.0 dev: `nodemon api/server.js`
17 error Exit status 1
18 error Failed at the Puppypal@1.0.0 dev script 'nodemon api/server.js'.
18 error This is most likely a problem with the Puppypal package,
18 error not with npm itself.
18 error Tell the author that this fails on your system:
18 error     nodemon api/server.js
18 error You can get their info via:
18 error     npm owner ls Puppypal
18 error There is likely additional logging output above.
19 verbose exit [ 1, true ]
